<?xml version="1.0" encoding="UTF-8"?><testsuite errors="3" failures="0" name="Songs by genre" skipped="0" tests="3" time="4.65" timestamp="2018-09-04T11:35:22.901083700-05:00[America/Bogota]"><testcase name="filter songs by genre - positive"><error message="javax/xml/bind/JAXBException" type="java.lang.NoClassDefFoundError">javax/xml/bind/JAXBException</error><system-err>javax/xml/bind/JAXBException&#13;
io.restassured.config.ObjectMapperConfig.&lt;init&gt;(ObjectMapperConfig.java:49)&#13;
io.restassured.config.RestAssuredConfig.&lt;init&gt;(RestAssuredConfig.java:41)&#13;
io.restassured.RestAssured.&lt;clinit&gt;(RestAssured.java:420)&#13;
net.serenitybdd.rest.SerenityRest.given(SerenityRest.java:211)&#13;
steps.ByGenreSteps.iWantToSeeTheSongsOfAGenre(ByGenreSteps.java:33)&#13;
✽.I want to see the songs of a genre(src/test/resources/features/songsByGenre.feature:7)&#13;
</system-err></testcase><testcase name="filter songs by genre - negative"><error message="Could not initialize class io.restassured.RestAssured" type="java.lang.NoClassDefFoundError">Could not initialize class io.restassured.RestAssured</error><system-err>Could not initialize class io.restassured.RestAssured&#13;
net.serenitybdd.rest.SerenityRest.given(SerenityRest.java:211)&#13;
steps.ByGenreSteps.iWantToSeeTheSongsOfAGenre(ByGenreSteps.java:33)&#13;
✽.I want to see the songs of a genre(src/test/resources/features/songsByGenre.feature:17)&#13;
</system-err></testcase></testsuite>