<?xml version="1.0" encoding="UTF-8"?><testsuite errors="6" failures="0" name="List of instances" skipped="0" tests="6" time="0.38" timestamp="2018-09-04T11:35:27.978835300-05:00[America/Bogota]"><testcase name="List with all the instances - Positive"><error message="Could not initialize class io.restassured.RestAssured" type="java.lang.NoClassDefFoundError">Could not initialize class io.restassured.RestAssured</error><system-err>Could not initialize class io.restassured.RestAssured&#13;
net.serenitybdd.rest.SerenityRest.given(SerenityRest.java:211)&#13;
steps.storedInstancesSteps.iWantToSeeTheListOfIntances(storedInstancesSteps.java:23)&#13;
✽.I want to see the list of intances(src/test/resources/features/storedInstances.feature:7)&#13;
</system-err></testcase><testcase name="List with the instances of an specific provided store - Positive"><error message="Could not initialize class io.restassured.RestAssured" type="java.lang.NoClassDefFoundError">Could not initialize class io.restassured.RestAssured</error><system-err>Could not initialize class io.restassured.RestAssured&#13;
net.serenitybdd.rest.SerenityRest.given(SerenityRest.java:211)&#13;
steps.storedInstancesSteps.iWantToSeeTheListOfIntancesThatAnSpecificProviderHas(storedInstancesSteps.java:39)&#13;
✽.I want to see the list of intances that an specific provider has(src/test/resources/features/storedInstances.feature:13)&#13;
</system-err></testcase><testcase name="List with the instances of an non-existent provided store - Negative"><error message="Could not initialize class io.restassured.RestAssured" type="java.lang.NoClassDefFoundError">Could not initialize class io.restassured.RestAssured</error><system-err>Could not initialize class io.restassured.RestAssured&#13;
net.serenitybdd.rest.SerenityRest.given(SerenityRest.java:211)&#13;
steps.storedInstancesSteps.iWantToSeeTheListOfIntancesThatAnSpecificProviderHas(storedInstancesSteps.java:39)&#13;
✽.I want to see the list of intances that an specific provider has(src/test/resources/features/storedInstances.feature:25)&#13;
</system-err></testcase></testsuite>