<?xml version="1.0" encoding="UTF-8"?><testsuite errors="4" failures="0" name="Songs by id" skipped="0" tests="4" time="0.4" timestamp="2018-09-04T11:35:27.568849700-05:00[America/Bogota]"><testcase name="Filter songs by id - positive"><error message="Could not initialize class io.restassured.RestAssured" type="java.lang.NoClassDefFoundError">Could not initialize class io.restassured.RestAssured</error><system-err>Could not initialize class io.restassured.RestAssured&#13;
net.serenitybdd.rest.SerenityRest.given(SerenityRest.java:211)&#13;
steps.ByIdSteps.iWantToSeeASongWithAnSpecificId(ByIdSteps.java:24)&#13;
✽.I want to see a song with an specific id(src/test/resources/features/songsById.feature:7)&#13;
</system-err></testcase><testcase name="Filter songs by id - negative"><error message="Could not initialize class io.restassured.RestAssured" type="java.lang.NoClassDefFoundError">Could not initialize class io.restassured.RestAssured</error><system-err>Could not initialize class io.restassured.RestAssured&#13;
net.serenitybdd.rest.SerenityRest.given(SerenityRest.java:211)&#13;
steps.ByIdSteps.iWantToSeeASongWithAnSpecificId(ByIdSteps.java:24)&#13;
✽.I want to see a song with an specific id(src/test/resources/features/songsById.feature:18)&#13;
</system-err></testcase></testsuite>